2020-09-04 12:27:11,196 WARN  [SoapUI] Missing folder [C:\MyWork\Automation\API_SOAP\RESTProject_Reporting_using_maven\my-app\ext] for external libraries
2020-09-04 12:27:11,430 INFO  [DefaultSoapUICore] initialized soapui-settings from [C:\Users\RatneshShrivastava\soapui-settings.xml]
2020-09-04 12:27:13,195 INFO  [WsdlProject] Loaded project from [file:/C:/MyWork/Automation/API_SOAP/RESTProject_Reporting_using_maven/my-app/REST-Training-Assignment-soapui-project.xml]
2020-09-04 12:27:13,759 INFO  [SoapUITestCaseRunner] Running SoapUI tests in project [REST Training Assignment]
2020-09-04 12:27:13,763 INFO  [SoapUITestCaseRunner] Running Project [REST Training Assignment], runType = SEQUENTIAL
2020-09-04 12:27:13,790 INFO  [SoapUITestCaseRunner] Running SoapUI testcase [TestCase 1]
2020-09-04 12:27:13,830 INFO  [SoapUITestCaseRunner] running step [Get Token]
2020-09-04 12:27:17,442 INFO  [log] a19225420ab837e28b3d8c85bdd9b22fbe30c9e7
2020-09-04 12:27:17,452 INFO  [log] bearer a19225420ab837e28b3d8c85bdd9b22fbe30c9e7
2020-09-04 12:27:17,526 INFO  [SoapUITestCaseRunner] Assertion [Script Assertion] has status VALID
2020-09-04 12:27:17,528 INFO  [SoapUITestCaseRunner] running step [Login]
2020-09-04 12:27:18,243 INFO  [log] upskills_admin
2020-09-04 12:27:18,246 INFO  [log] success
2020-09-04 12:27:18,248 INFO  [SoapUITestCaseRunner] Assertion [Script Assertion] has status VALID
2020-09-04 12:27:18,251 INFO  [SoapUITestCaseRunner] running step [Admin Detail]
2020-09-04 12:27:18,689 INFO  [log] upskills_admin
2020-09-04 12:27:18,690 INFO  [log] success
2020-09-04 12:27:18,694 INFO  [SoapUITestCaseRunner] Assertion [Script Assertion] has status VALID
2020-09-04 12:27:18,698 INFO  [SoapUITestCaseRunner] running step [List Product]
2020-09-04 12:27:26,015 ERROR [SoapUI] An error occurred [NCNames cannot be empty], see error log for details
2020-09-04 12:27:26,028 ERROR [errorlog] nu.xom.IllegalNameException: NCNames cannot be empty
nu.xom.IllegalNameException: NCNames cannot be empty
	at nu.xom.Verifier.throwIllegalNameException(Verifier.java:147)
	at nu.xom.Verifier.checkNCName(Verifier.java:121)
	at nu.xom.Element._setLocalName(Element.java:832)
	at nu.xom.Element.<init>(Element.java:112)
	at nu.xom.Element.<init>(Element.java:76)
	at com.eviware.soapui.impl.rest.support.handlers.JsonXmlSerializer$CustomElement.<init>(JsonXmlSerializer.java:1744)
	at com.eviware.soapui.impl.rest.support.handlers.JsonXmlSerializer.newElement(JsonXmlSerializer.java:1090)
	at com.eviware.soapui.impl.rest.support.handlers.JsonXmlSerializer.processJSONObject(JsonXmlSerializer.java:1255)
	at com.eviware.soapui.impl.rest.support.handlers.JsonXmlSerializer.processJSONValue(JsonXmlSerializer.java:1325)
	at com.eviware.soapui.impl.rest.support.handlers.JsonXmlSerializer.processJSONObject(JsonXmlSerializer.java:1256)
	at com.eviware.soapui.impl.rest.support.handlers.JsonXmlSerializer.processJSONValue(JsonXmlSerializer.java:1325)
	at com.eviware.soapui.impl.rest.support.handlers.JsonXmlSerializer.processJSONObject(JsonXmlSerializer.java:1256)
	at com.eviware.soapui.impl.rest.support.handlers.JsonXmlSerializer.processJSONValue(JsonXmlSerializer.java:1325)
	at com.eviware.soapui.impl.rest.support.handlers.JsonXmlSerializer.processJSONArray(JsonXmlSerializer.java:1143)
	at com.eviware.soapui.impl.rest.support.handlers.JsonXmlSerializer.processJSONValue(JsonXmlSerializer.java:1317)
	at com.eviware.soapui.impl.rest.support.handlers.JsonXmlSerializer.processJSONObject(JsonXmlSerializer.java:1256)
	at com.eviware.soapui.impl.rest.support.handlers.JsonXmlSerializer.write(JsonXmlSerializer.java:735)
	at com.eviware.soapui.impl.rest.support.handlers.JsonXmlSerializer.write(JsonXmlSerializer.java:690)
	at com.eviware.soapui.impl.rest.support.handlers.JsonMediaTypeHandler.createXmlRepresentation(JsonMediaTypeHandler.java:69)
	at com.eviware.soapui.impl.wsdl.submit.transports.http.BaseHttpResponse.getContentAsXml(BaseHttpResponse.java:462)
	at com.eviware.soapui.impl.wsdl.teststeps.RestTestRequestStep.propertyChange(RestTestRequestStep.java:485)
	at java.beans.PropertyChangeSupport.fire(PropertyChangeSupport.java:335)
	at java.beans.PropertyChangeSupport.firePropertyChange(PropertyChangeSupport.java:327)
	at java.beans.PropertyChangeSupport.firePropertyChange(PropertyChangeSupport.java:263)
	at com.eviware.soapui.model.support.AbstractModelItem.notifyPropertyChanged(AbstractModelItem.java:90)
	at com.eviware.soapui.impl.support.AbstractHttpRequest.setResponse(AbstractHttpRequest.java:896)
	at com.eviware.soapui.impl.wsdl.teststeps.RestTestRequest.setResponse(RestTestRequest.java:140)
	at com.eviware.soapui.impl.wsdl.teststeps.RestTestRequestStep.run(RestTestRequestStep.java:927)
	at com.eviware.soapui.impl.wsdl.support.AbstractTestCaseRunner.runTestStep(AbstractTestCaseRunner.java:239)
	at com.eviware.soapui.impl.wsdl.testcase.WsdlTestCaseRunner.runCurrentTestStep(WsdlTestCaseRunner.java:52)
	at com.eviware.soapui.impl.wsdl.support.AbstractTestCaseRunner.internalRun(AbstractTestCaseRunner.java:152)
	at com.eviware.soapui.impl.wsdl.support.AbstractTestCaseRunner.internalRun(AbstractTestCaseRunner.java:47)
	at com.eviware.soapui.impl.wsdl.support.AbstractTestRunner.run(AbstractTestRunner.java:139)
	at java.util.concurrent.Executors$RunnableAdapter.call(Executors.java:511)
	at java.util.concurrent.FutureTask.run(FutureTask.java:266)
	at java.util.concurrent.ThreadPoolExecutor.runWorker(ThreadPoolExecutor.java:1149)
	at java.util.concurrent.ThreadPoolExecutor$Worker.run(ThreadPoolExecutor.java:624)
	at java.lang.Thread.run(Thread.java:748)
2020-09-04 12:27:26,334 INFO  [SoapUITestCaseRunner] Assertion [Script Assertion] has status VALID
2020-09-04 12:27:26,336 INFO  [SoapUITestCaseRunner] running step [List Product Limit]
2020-09-04 12:27:26,802 ERROR [SoapUI] An error occurred [NCNames cannot be empty], see error log for details
2020-09-04 12:27:26,803 ERROR [errorlog] nu.xom.IllegalNameException: NCNames cannot be empty
nu.xom.IllegalNameException: NCNames cannot be empty
	at nu.xom.Verifier.throwIllegalNameException(Verifier.java:147)
	at nu.xom.Verifier.checkNCName(Verifier.java:121)
	at nu.xom.Element._setLocalName(Element.java:832)
	at nu.xom.Element.<init>(Element.java:112)
	at nu.xom.Element.<init>(Element.java:76)
	at com.eviware.soapui.impl.rest.support.handlers.JsonXmlSerializer$CustomElement.<init>(JsonXmlSerializer.java:1744)
	at com.eviware.soapui.impl.rest.support.handlers.JsonXmlSerializer.newElement(JsonXmlSerializer.java:1090)
	at com.eviware.soapui.impl.rest.support.handlers.JsonXmlSerializer.processJSONObject(JsonXmlSerializer.java:1255)
	at com.eviware.soapui.impl.rest.support.handlers.JsonXmlSerializer.processJSONValue(JsonXmlSerializer.java:1325)
	at com.eviware.soapui.impl.rest.support.handlers.JsonXmlSerializer.processJSONObject(JsonXmlSerializer.java:1256)
	at com.eviware.soapui.impl.rest.support.handlers.JsonXmlSerializer.processJSONValue(JsonXmlSerializer.java:1325)
	at com.eviware.soapui.impl.rest.support.handlers.JsonXmlSerializer.processJSONObject(JsonXmlSerializer.java:1256)
	at com.eviware.soapui.impl.rest.support.handlers.JsonXmlSerializer.processJSONValue(JsonXmlSerializer.java:1325)
	at com.eviware.soapui.impl.rest.support.handlers.JsonXmlSerializer.processJSONArray(JsonXmlSerializer.java:1143)
	at com.eviware.soapui.impl.rest.support.handlers.JsonXmlSerializer.processJSONValue(JsonXmlSerializer.java:1317)
	at com.eviware.soapui.impl.rest.support.handlers.JsonXmlSerializer.processJSONObject(JsonXmlSerializer.java:1256)
	at com.eviware.soapui.impl.rest.support.handlers.JsonXmlSerializer.write(JsonXmlSerializer.java:735)
	at com.eviware.soapui.impl.rest.support.handlers.JsonXmlSerializer.write(JsonXmlSerializer.java:690)
	at com.eviware.soapui.impl.rest.support.handlers.JsonMediaTypeHandler.createXmlRepresentation(JsonMediaTypeHandler.java:69)
	at com.eviware.soapui.impl.wsdl.submit.transports.http.BaseHttpResponse.getContentAsXml(BaseHttpResponse.java:462)
	at com.eviware.soapui.impl.wsdl.teststeps.RestTestRequestStep.propertyChange(RestTestRequestStep.java:485)
	at java.beans.PropertyChangeSupport.fire(PropertyChangeSupport.java:335)
	at java.beans.PropertyChangeSupport.firePropertyChange(PropertyChangeSupport.java:327)
	at java.beans.PropertyChangeSupport.firePropertyChange(PropertyChangeSupport.java:263)
	at com.eviware.soapui.model.support.AbstractModelItem.notifyPropertyChanged(AbstractModelItem.java:90)
	at com.eviware.soapui.impl.support.AbstractHttpRequest.setResponse(AbstractHttpRequest.java:896)
	at com.eviware.soapui.impl.wsdl.teststeps.RestTestRequest.setResponse(RestTestRequest.java:140)
	at com.eviware.soapui.impl.wsdl.teststeps.RestTestRequestStep.run(RestTestRequestStep.java:927)
	at com.eviware.soapui.impl.wsdl.support.AbstractTestCaseRunner.runTestStep(AbstractTestCaseRunner.java:239)
	at com.eviware.soapui.impl.wsdl.testcase.WsdlTestCaseRunner.runCurrentTestStep(WsdlTestCaseRunner.java:52)
	at com.eviware.soapui.impl.wsdl.support.AbstractTestCaseRunner.internalRun(AbstractTestCaseRunner.java:152)
	at com.eviware.soapui.impl.wsdl.support.AbstractTestCaseRunner.internalRun(AbstractTestCaseRunner.java:47)
	at com.eviware.soapui.impl.wsdl.support.AbstractTestRunner.run(AbstractTestRunner.java:139)
	at java.util.concurrent.Executors$RunnableAdapter.call(Executors.java:511)
	at java.util.concurrent.FutureTask.run(FutureTask.java:266)
	at java.util.concurrent.ThreadPoolExecutor.runWorker(ThreadPoolExecutor.java:1149)
	at java.util.concurrent.ThreadPoolExecutor$Worker.run(ThreadPoolExecutor.java:624)
	at java.lang.Thread.run(Thread.java:748)
2020-09-04 12:27:27,078 INFO  [SoapUITestCaseRunner] Assertion [Script Assertion] has status VALID
2020-09-04 12:27:27,079 INFO  [SoapUITestCaseRunner] running step [Logout]
2020-09-04 12:27:27,538 INFO  [SoapUITestCaseRunner] Assertion [Script Assertion] has status VALID
2020-09-04 12:27:27,543 INFO  [SoapUITestCaseRunner] Finished running SoapUI testcase [TestCase 1], time taken: 12089ms, status: FINISHED
2020-09-04 12:27:27,549 INFO  [SoapUITestCaseRunner] Project [REST Training Assignment] finished with status [FINISHED] in 13778ms
